<?xml version="1.0" encoding="UTF-8"?>
<!-- Generated by org.testng.reporters.JUnitXMLReporter -->
<testsuite hostname="Vinods-MacBook-Pro.local" ignored="0" name="Test" tests="6" failures="0" timestamp="18 Oct 2018 00:39:41 GMT" time="0.13" errors="0">
  <testcase name="f1" time="0.008" classname="com.ovs.tests.UTC02_DummyTest"/>
  <testcase name="f2" time="0.005" classname="com.ovs.tests.UTC02_DummyTest"/>
  <testcase name="UTC01_01_TestLogin" time="0.003" classname="com.ovs.tests.UTC01_DummyTest"/>
  <testcase name="UTC01_03_TestUpdatePassword" time="0.003" classname="com.ovs.tests.UTC01_DummyTest"/>
  <testcase name="UTC01_04_TestUpdatePersonalInfo" time="0.002" classname="com.ovs.tests.UTC01_DummyTest"/>
  <testcase name="UTC01_02_TestLogout" time="0.018" classname="com.ovs.tests.UTC01_DummyTest"/>
</testsuite> <!-- Test -->
