<?xml version="1.0" encoding="UTF-8"?>
<testng-results skipped="0" failed="0" ignored="0" total="4" passed="4">
  <reporter-output>
  </reporter-output>
  <suite name="Default suite" duration-ms="7008" started-at="2018-10-18T01:06:47Z" finished-at="2018-10-18T01:06:54Z">
    <groups>
    </groups>
    <test name="Default test" duration-ms="7008" started-at="2018-10-18T01:06:47Z" finished-at="2018-10-18T01:06:54Z">
      <class name="com.ovs.tests.UTC03_TestAddContacts">
        <test-method status="PASS" signature="initializeWebDriver()[pri:0, instance:com.ovs.tests.UTC03_TestAddContacts@bd8db5a]" name="initializeWebDriver" is-config="true" duration-ms="4192" started-at="2018-10-18T01:06:47Z" finished-at="2018-10-18T01:06:51Z">
          <reporter-output>
          </reporter-output>
        </test-method> <!-- initializeWebDriver -->
        <test-method status="PASS" signature="UTC03_01_AddNewContact(java.lang.String, java.lang.String, java.lang.String)[pri:0, instance:com.ovs.tests.UTC03_TestAddContacts@bd8db5a]" name="UTC03_01_AddNewContact" duration-ms="842" started-at="2018-10-18T01:06:51Z" data-provider="getContactsData1" finished-at="2018-10-18T01:06:52Z">
          <params>
            <param index="0">
              <value>
                <![CDATA[John Doe]]>
              </value>
            </param>
            <param index="1">
              <value>
                <![CDATA[johndoe@example.com]]>
              </value>
            </param>
            <param index="2">
              <value>
                <![CDATA[5557229000]]>
              </value>
            </param>
          </params>
          <reporter-output>
          </reporter-output>
        </test-method> <!-- UTC03_01_AddNewContact -->
        <test-method status="PASS" signature="UTC03_01_AddNewContact(java.lang.String, java.lang.String, java.lang.String)[pri:0, instance:com.ovs.tests.UTC03_TestAddContacts@bd8db5a]" name="UTC03_01_AddNewContact" duration-ms="565" started-at="2018-10-18T01:06:52Z" data-provider="getContactsData1" finished-at="2018-10-18T01:06:52Z">
          <params>
            <param index="0">
              <value>
                <![CDATA[Jane Doe]]>
              </value>
            </param>
            <param index="1">
              <value>
                <![CDATA[janedoe@example.com]]>
              </value>
            </param>
            <param index="2">
              <value>
                <![CDATA[5557229822]]>
              </value>
            </param>
          </params>
          <reporter-output>
          </reporter-output>
        </test-method> <!-- UTC03_01_AddNewContact -->
        <test-method status="PASS" signature="UTC03_01_AddNewContact(java.lang.String, java.lang.String, java.lang.String)[pri:0, instance:com.ovs.tests.UTC03_TestAddContacts@bd8db5a]" name="UTC03_01_AddNewContact" duration-ms="711" started-at="2018-10-18T01:06:52Z" data-provider="getContactsData1" finished-at="2018-10-18T01:06:53Z">
          <params>
            <param index="0">
              <value>
                <![CDATA[Ramesh Iyer]]>
              </value>
            </param>
            <param index="1">
              <value>
                <![CDATA[ramesh@example.com]]>
              </value>
            </param>
            <param index="2">
              <value>
                <![CDATA[987329876]]>
              </value>
            </param>
          </params>
          <reporter-output>
          </reporter-output>
        </test-method> <!-- UTC03_01_AddNewContact -->
        <test-method status="PASS" signature="UTC03_01_AddNewContact(java.lang.String, java.lang.String, java.lang.String)[pri:0, instance:com.ovs.tests.UTC03_TestAddContacts@bd8db5a]" name="UTC03_01_AddNewContact" duration-ms="654" started-at="2018-10-18T01:06:53Z" data-provider="getContactsData1" finished-at="2018-10-18T01:06:54Z">
          <params>
            <param index="0">
              <value>
                <![CDATA[Santosh Kumar]]>
              </value>
            </param>
            <param index="1">
              <value>
                <![CDATA[santosh@example.com]]>
              </value>
            </param>
            <param index="2">
              <value>
                <![CDATA[3318265546]]>
              </value>
            </param>
          </params>
          <reporter-output>
          </reporter-output>
        </test-method> <!-- UTC03_01_AddNewContact -->
        <test-method status="PASS" signature="closeWebDriver()[pri:0, instance:com.ovs.tests.UTC03_TestAddContacts@bd8db5a]" name="closeWebDriver" is-config="true" duration-ms="0" started-at="2018-10-18T01:06:54Z" finished-at="2018-10-18T01:06:54Z">
          <reporter-output>
          </reporter-output>
        </test-method> <!-- closeWebDriver -->
      </class> <!-- com.ovs.tests.UTC03_TestAddContacts -->
    </test> <!-- Default test -->
  </suite> <!-- Default suite -->
</testng-results>
