<?xml version="1.0" encoding="UTF-8"?>
<testng-results skipped="0" failed="0" ignored="1" total="21" passed="20">
  <reporter-output>
  </reporter-output>
  <suite name="Default suite" duration-ms="19756" started-at="2018-10-20T01:21:53Z" finished-at="2018-10-20T01:22:12Z">
    <groups>
    </groups>
    <test name="Default test" duration-ms="19756" started-at="2018-10-20T01:21:53Z" finished-at="2018-10-20T01:22:12Z">
      <class name="com.ovs.tests.UTC03_AddContacts">
        <test-method status="PASS" signature="beforeMethod()[pri:0, instance:com.ovs.tests.UTC03_AddContacts@42f93a98]" name="beforeMethod" is-config="true" duration-ms="5247" started-at="2018-10-20T01:21:53Z" finished-at="2018-10-20T01:21:58Z">
          <reporter-output>
          </reporter-output>
        </test-method> <!-- beforeMethod -->
        <test-method status="PASS" signature="UTC03_01_AddValidContact(com.ovs.entity.Contact)[pri:0, instance:com.ovs.tests.UTC03_AddContacts@42f93a98]" name="UTC03_01_AddValidContact" duration-ms="729" started-at="2018-10-20T01:21:59Z" data-provider="source5_excel" finished-at="2018-10-20T01:22:00Z">
          <params>
            <param index="0">
              <value>
                <![CDATA[Contact [id=1, name=Deonne Maybury, email=dmaybury0@dyndns.org, phone=1811309480]]]>
              </value>
            </param>
          </params>
          <reporter-output>
          </reporter-output>
        </test-method> <!-- UTC03_01_AddValidContact -->
        <test-method status="PASS" signature="UTC03_01_AddValidContact(com.ovs.entity.Contact)[pri:0, instance:com.ovs.tests.UTC03_AddContacts@42f93a98]" name="UTC03_01_AddValidContact" duration-ms="621" started-at="2018-10-20T01:22:00Z" data-provider="source5_excel" finished-at="2018-10-20T01:22:01Z">
          <params>
            <param index="0">
              <value>
                <![CDATA[Contact [id=2, name=Margaretta Guion, email=mguion1@biglobe.ne.jp, phone=6752510616]]]>
              </value>
            </param>
          </params>
          <reporter-output>
          </reporter-output>
        </test-method> <!-- UTC03_01_AddValidContact -->
        <test-method status="PASS" signature="UTC03_01_AddValidContact(com.ovs.entity.Contact)[pri:0, instance:com.ovs.tests.UTC03_AddContacts@42f93a98]" name="UTC03_01_AddValidContact" duration-ms="594" started-at="2018-10-20T01:22:01Z" data-provider="source5_excel" finished-at="2018-10-20T01:22:01Z">
          <params>
            <param index="0">
              <value>
                <![CDATA[Contact [id=3, name=Audry Swadling, email=aswadling2@rediff.com, phone=7294238517]]]>
              </value>
            </param>
          </params>
          <reporter-output>
          </reporter-output>
        </test-method> <!-- UTC03_01_AddValidContact -->
        <test-method status="PASS" signature="UTC03_01_AddValidContact(com.ovs.entity.Contact)[pri:0, instance:com.ovs.tests.UTC03_AddContacts@42f93a98]" name="UTC03_01_AddValidContact" duration-ms="623" started-at="2018-10-20T01:22:01Z" data-provider="source5_excel" finished-at="2018-10-20T01:22:02Z">
          <params>
            <param index="0">
              <value>
                <![CDATA[Contact [id=4, name=Scott Sowersby, email=ssowersby3@behance.net, phone=8365638591]]]>
              </value>
            </param>
          </params>
          <reporter-output>
          </reporter-output>
        </test-method> <!-- UTC03_01_AddValidContact -->
        <test-method status="PASS" signature="UTC03_01_AddValidContact(com.ovs.entity.Contact)[pri:0, instance:com.ovs.tests.UTC03_AddContacts@42f93a98]" name="UTC03_01_AddValidContact" duration-ms="607" started-at="2018-10-20T01:22:02Z" data-provider="source5_excel" finished-at="2018-10-20T01:22:03Z">
          <params>
            <param index="0">
              <value>
                <![CDATA[Contact [id=5, name=Jo ann Allkins, email=jann4@chicagotribune.com, phone=7457578604]]]>
              </value>
            </param>
          </params>
          <reporter-output>
          </reporter-output>
        </test-method> <!-- UTC03_01_AddValidContact -->
        <test-method status="PASS" signature="UTC03_01_AddValidContact(com.ovs.entity.Contact)[pri:0, instance:com.ovs.tests.UTC03_AddContacts@42f93a98]" name="UTC03_01_AddValidContact" duration-ms="498" started-at="2018-10-20T01:22:03Z" data-provider="source5_excel" finished-at="2018-10-20T01:22:03Z">
          <params>
            <param index="0">
              <value>
                <![CDATA[Contact [id=6, name=Sue Baulch, email=sbaulch5@51.la, phone=4777200533]]]>
              </value>
            </param>
          </params>
          <reporter-output>
          </reporter-output>
        </test-method> <!-- UTC03_01_AddValidContact -->
        <test-method status="PASS" signature="UTC03_01_AddValidContact(com.ovs.entity.Contact)[pri:0, instance:com.ovs.tests.UTC03_AddContacts@42f93a98]" name="UTC03_01_AddValidContact" duration-ms="649" started-at="2018-10-20T01:22:03Z" data-provider="source5_excel" finished-at="2018-10-20T01:22:04Z">
          <params>
            <param index="0">
              <value>
                <![CDATA[Contact [id=7, name=Dionisio O'Dougherty, email=dodougherty6@homestead.com, phone=1452087004]]]>
              </value>
            </param>
          </params>
          <reporter-output>
          </reporter-output>
        </test-method> <!-- UTC03_01_AddValidContact -->
        <test-method status="PASS" signature="UTC03_01_AddValidContact(com.ovs.entity.Contact)[pri:0, instance:com.ovs.tests.UTC03_AddContacts@42f93a98]" name="UTC03_01_AddValidContact" duration-ms="578" started-at="2018-10-20T01:22:04Z" data-provider="source5_excel" finished-at="2018-10-20T01:22:04Z">
          <params>
            <param index="0">
              <value>
                <![CDATA[Contact [id=8, name=Hulda Ashe, email=hashe7@issuu.com, phone=3711348248]]]>
              </value>
            </param>
          </params>
          <reporter-output>
          </reporter-output>
        </test-method> <!-- UTC03_01_AddValidContact -->
        <test-method status="PASS" signature="UTC03_01_AddValidContact(com.ovs.entity.Contact)[pri:0, instance:com.ovs.tests.UTC03_AddContacts@42f93a98]" name="UTC03_01_AddValidContact" duration-ms="706" started-at="2018-10-20T01:22:04Z" data-provider="source5_excel" finished-at="2018-10-20T01:22:05Z">
          <params>
            <param index="0">
              <value>
                <![CDATA[Contact [id=9, name=Antonetta Sparshott, email=asparshott8@cloudflare.com, phone=2447997329]]]>
              </value>
            </param>
          </params>
          <reporter-output>
          </reporter-output>
        </test-method> <!-- UTC03_01_AddValidContact -->
        <test-method status="PASS" signature="UTC03_01_AddValidContact(com.ovs.entity.Contact)[pri:0, instance:com.ovs.tests.UTC03_AddContacts@42f93a98]" name="UTC03_01_AddValidContact" duration-ms="695" started-at="2018-10-20T01:22:05Z" data-provider="source5_excel" finished-at="2018-10-20T01:22:06Z">
          <params>
            <param index="0">
              <value>
                <![CDATA[Contact [id=10, name=Flinn Timoney, email=ftimoney9@tuttocitta.it, phone=5672606842]]]>
              </value>
            </param>
          </params>
          <reporter-output>
          </reporter-output>
        </test-method> <!-- UTC03_01_AddValidContact -->
        <test-method status="PASS" signature="UTC03_01_AddValidContact(com.ovs.entity.Contact)[pri:0, instance:com.ovs.tests.UTC03_AddContacts@42f93a98]" name="UTC03_01_AddValidContact" duration-ms="620" started-at="2018-10-20T01:22:06Z" data-provider="source5_excel" finished-at="2018-10-20T01:22:06Z">
          <params>
            <param index="0">
              <value>
                <![CDATA[Contact [id=11, name=Tatiana Ringe, email=tringea@123-reg.co.uk, phone=2812366632]]]>
              </value>
            </param>
          </params>
          <reporter-output>
          </reporter-output>
        </test-method> <!-- UTC03_01_AddValidContact -->
        <test-method status="PASS" signature="UTC03_01_AddValidContact(com.ovs.entity.Contact)[pri:0, instance:com.ovs.tests.UTC03_AddContacts@42f93a98]" name="UTC03_01_AddValidContact" duration-ms="657" started-at="2018-10-20T01:22:06Z" data-provider="source5_excel" finished-at="2018-10-20T01:22:07Z">
          <params>
            <param index="0">
              <value>
                <![CDATA[Contact [id=12, name=Norris McClancy, email=nmcclancyb@people.com.cn, phone=4184222686]]]>
              </value>
            </param>
          </params>
          <reporter-output>
          </reporter-output>
        </test-method> <!-- UTC03_01_AddValidContact -->
        <test-method status="PASS" signature="UTC03_01_AddValidContact(com.ovs.entity.Contact)[pri:0, instance:com.ovs.tests.UTC03_AddContacts@42f93a98]" name="UTC03_01_AddValidContact" duration-ms="562" started-at="2018-10-20T01:22:07Z" data-provider="source5_excel" finished-at="2018-10-20T01:22:07Z">
          <params>
            <param index="0">
              <value>
                <![CDATA[Contact [id=13, name=Jeni Lathan, email=jlathanc@lulu.com, phone=8742011443]]]>
              </value>
            </param>
          </params>
          <reporter-output>
          </reporter-output>
        </test-method> <!-- UTC03_01_AddValidContact -->
        <test-method status="PASS" signature="UTC03_01_AddValidContact(com.ovs.entity.Contact)[pri:0, instance:com.ovs.tests.UTC03_AddContacts@42f93a98]" name="UTC03_01_AddValidContact" duration-ms="640" started-at="2018-10-20T01:22:07Z" data-provider="source5_excel" finished-at="2018-10-20T01:22:08Z">
          <params>
            <param index="0">
              <value>
                <![CDATA[Contact [id=14, name=Melessa Nellis, email=mnellisd@drupal.org, phone=8191217295]]]>
              </value>
            </param>
          </params>
          <reporter-output>
          </reporter-output>
        </test-method> <!-- UTC03_01_AddValidContact -->
        <test-method status="PASS" signature="UTC03_01_AddValidContact(com.ovs.entity.Contact)[pri:0, instance:com.ovs.tests.UTC03_AddContacts@42f93a98]" name="UTC03_01_AddValidContact" duration-ms="685" started-at="2018-10-20T01:22:08Z" data-provider="source5_excel" finished-at="2018-10-20T01:22:09Z">
          <params>
            <param index="0">
              <value>
                <![CDATA[Contact [id=15, name=Adolphe Soff, email=asoffe@microsoft.com, phone=7524108881]]]>
              </value>
            </param>
          </params>
          <reporter-output>
          </reporter-output>
        </test-method> <!-- UTC03_01_AddValidContact -->
        <test-method status="PASS" signature="UTC03_01_AddValidContact(com.ovs.entity.Contact)[pri:0, instance:com.ovs.tests.UTC03_AddContacts@42f93a98]" name="UTC03_01_AddValidContact" duration-ms="627" started-at="2018-10-20T01:22:09Z" data-provider="source5_excel" finished-at="2018-10-20T01:22:09Z">
          <params>
            <param index="0">
              <value>
                <![CDATA[Contact [id=16, name=Sydel Faircloth, email=sfairclothf@google.it, phone=8314546785]]]>
              </value>
            </param>
          </params>
          <reporter-output>
          </reporter-output>
        </test-method> <!-- UTC03_01_AddValidContact -->
        <test-method status="PASS" signature="UTC03_01_AddValidContact(com.ovs.entity.Contact)[pri:0, instance:com.ovs.tests.UTC03_AddContacts@42f93a98]" name="UTC03_01_AddValidContact" duration-ms="692" started-at="2018-10-20T01:22:09Z" data-provider="source5_excel" finished-at="2018-10-20T01:22:10Z">
          <params>
            <param index="0">
              <value>
                <![CDATA[Contact [id=17, name=Ingaberg de Leon, email=ideg@github.io, phone=3567204138]]]>
              </value>
            </param>
          </params>
          <reporter-output>
          </reporter-output>
        </test-method> <!-- UTC03_01_AddValidContact -->
        <test-method status="PASS" signature="UTC03_01_AddValidContact(com.ovs.entity.Contact)[pri:0, instance:com.ovs.tests.UTC03_AddContacts@42f93a98]" name="UTC03_01_AddValidContact" duration-ms="622" started-at="2018-10-20T01:22:10Z" data-provider="source5_excel" finished-at="2018-10-20T01:22:11Z">
          <params>
            <param index="0">
              <value>
                <![CDATA[Contact [id=18, name=Gleda Dillet, email=gdilleth@shareasale.com, phone=6162368517]]]>
              </value>
            </param>
          </params>
          <reporter-output>
          </reporter-output>
        </test-method> <!-- UTC03_01_AddValidContact -->
        <test-method status="PASS" signature="UTC03_01_AddValidContact(com.ovs.entity.Contact)[pri:0, instance:com.ovs.tests.UTC03_AddContacts@42f93a98]" name="UTC03_01_AddValidContact" duration-ms="667" started-at="2018-10-20T01:22:11Z" data-provider="source5_excel" finished-at="2018-10-20T01:22:11Z">
          <params>
            <param index="0">
              <value>
                <![CDATA[Contact [id=19, name=Sal Grishkov, email=sgrishkovi@infoseek.co.jp, phone=4148580303]]]>
              </value>
            </param>
          </params>
          <reporter-output>
          </reporter-output>
        </test-method> <!-- UTC03_01_AddValidContact -->
        <test-method status="PASS" signature="UTC03_01_AddValidContact(com.ovs.entity.Contact)[pri:0, instance:com.ovs.tests.UTC03_AddContacts@42f93a98]" name="UTC03_01_AddValidContact" duration-ms="664" started-at="2018-10-20T01:22:11Z" data-provider="source5_excel" finished-at="2018-10-20T01:22:12Z">
          <params>
            <param index="0">
              <value>
                <![CDATA[Contact [id=20, name=Shepperd Hale, email=shalej@zimbio.com, phone=5022061301]]]>
              </value>
            </param>
          </params>
          <reporter-output>
          </reporter-output>
        </test-method> <!-- UTC03_01_AddValidContact -->
        <test-method status="PASS" signature="afterMethod()[pri:0, instance:com.ovs.tests.UTC03_AddContacts@42f93a98]" name="afterMethod" is-config="true" duration-ms="154" started-at="2018-10-20T01:22:12Z" finished-at="2018-10-20T01:22:12Z">
          <reporter-output>
          </reporter-output>
        </test-method> <!-- afterMethod -->
      </class> <!-- com.ovs.tests.UTC03_AddContacts -->
    </test> <!-- Default test -->
  </suite> <!-- Default suite -->
</testng-results>
